<?xml version="1.0" encoding="UTF-8"?>
<!-- Generated by org.testng.reporters.JUnitReportReporter -->
<testsuite hostname="38MTXF3" failures="0" tests="4" name="api.test.UserTest" time="9.676" errors="0" timestamp="2024-06-09T23:14:54 IST" skipped="0">
  <testcase classname="api.test.UserTest" name="testPostUser" time="3.518"/>
  <system-out/>
  <testcase classname="api.test.UserTest" name="testGetUserByName" time="1.607"/>
  <system-out/>
  <testcase classname="api.test.UserTest" name="testUpdateUser" time="3.188"/>
  <system-out/>
  <testcase classname="api.test.UserTest" name="testDeleteUserByName" time="1.363"/>
  <system-out/>
</testsuite> <!-- api.test.UserTest -->
