<?xml version="1.0" encoding="UTF-8"?>
<!-- Generated by org.testng.reporters.JUnitReportReporter -->
<testsuite hostname="38MTXF3" failures="0" tests="6" name="api.test.DDTest" time="8.640" errors="0" timestamp="2024-06-07T22:40:25 IST" skipped="0">
  <testcase classname="api.test.DDTest" name="testPostUser" time="3.039"/>
  <system-out/>
  <testcase classname="api.test.DDTest" name="testPostUser" time="1.219"/>
  <system-out/>
  <testcase classname="api.test.DDTest" name="testPostUser" time="1.072"/>
  <system-out/>
  <testcase classname="api.test.DDTest" name="testDeleteByUserName" time="1.154"/>
  <system-out/>
  <testcase classname="api.test.DDTest" name="testDeleteByUserName" time="1.122"/>
  <system-out/>
  <testcase classname="api.test.DDTest" name="testDeleteByUserName" time="1.034"/>
  <system-out/>
</testsuite> <!-- api.test.DDTest -->
