<?xml version="1.0" encoding="UTF-8"?>
<!-- Generated by org.testng.reporters.JUnitReportReporter -->
<testsuite hostname="38MTXF3" failures="0" tests="4" name="api.test.UserTest" time="7.225" errors="0" timestamp="2024-06-10T11:58:19 IST" skipped="0">
  <testcase classname="api.test.UserTest" name="testPostUser" time="2.643"/>
  <system-out/>
  <testcase classname="api.test.UserTest" name="testGetUserByName" time="1.144"/>
  <system-out/>
  <testcase classname="api.test.UserTest" name="testUpdateUser" time="2.276"/>
  <system-out/>
  <testcase classname="api.test.UserTest" name="testDeleteUserByName" time="1.162"/>
  <system-out/>
</testsuite> <!-- api.test.UserTest -->
